<?xml version="1.0" encoding="UTF-8"?>
<!-- Generated by org.testng.reporters.JUnitReportReporter -->
<testsuite hostname="DESKTOP-5EVK54D" failures="0" tests="3" name="testclasses.AddToCartTest" time="3.636" errors="0" timestamp="2023-05-09T08:45:23 IST" skipped="0">
  <testcase classname="testclasses.AddToCartTest" name="selectItem" time="1.243"/>
  <system-out/>
  <testcase classname="testclasses.AddToCartTest" name="verifyAddToCart" time="0.162"/>
  <system-out/>
  <testcase classname="testclasses.AddToCartTest" name="searchOnCartPage" time="2.231"/>
  <system-out/>
</testsuite> <!-- testclasses.AddToCartTest -->
