<?xml version="1.0" encoding="UTF-8"?>
<!-- Generated by org.testng.reporters.JUnitReportReporter -->
<testsuite hostname="DESKTOP-5EVK54D" failures="0" tests="3" name="testclasses.SearchTest" time="3.959" errors="0" timestamp="2023-05-09T08:45:23 IST" skipped="0">
  <testcase classname="testclasses.SearchTest" name="verifyTitle" time="0.036"/>
  <system-out/>
  <testcase classname="testclasses.SearchTest" name="searchProduct" time="0.249"/>
  <system-out/>
  <testcase classname="testclasses.SearchTest" name="validateSearchResults" time="3.674"/>
  <system-out/>
</testsuite> <!-- testclasses.SearchTest -->
