<?xml version="1.0" encoding="UTF-8"?>
<!-- Generated by org.testng.reporters.JUnitReportReporter -->
<testsuite hostname="DESKTOP-5EVK54D" failures="0" tests="3" name="testclasses.AddToCartTest" time="3.603" errors="0" timestamp="2023-05-10T08:28:57 IST" skipped="0">
  <testcase classname="testclasses.AddToCartTest" name="selectItem" time="1.610"/>
  <system-out/>
  <testcase classname="testclasses.AddToCartTest" name="verifyAddToCart" time="0.171"/>
  <system-out/>
  <testcase classname="testclasses.AddToCartTest" name="searchOnCartPage" time="1.822"/>
  <system-out/>
</testsuite> <!-- testclasses.AddToCartTest -->
