<?xml version="1.0" encoding="UTF-8"?>
<!-- Generated by org.testng.reporters.JUnitReportReporter -->
<testsuite hostname="DESKTOP-5EVK54D" failures="0" tests="3" name="testclasses.SearchTest" time="3.573" errors="0" timestamp="2023-05-10T08:28:57 IST" skipped="0">
  <testcase classname="testclasses.SearchTest" name="verifyTitle" time="0.037"/>
  <system-out/>
  <testcase classname="testclasses.SearchTest" name="searchProduct" time="0.268"/>
  <system-out/>
  <testcase classname="testclasses.SearchTest" name="validateSearchResults" time="3.268"/>
  <system-out/>
</testsuite> <!-- testclasses.SearchTest -->
