<?xml version="1.0" encoding="UTF-8"?>
<!-- Generated by org.testng.reporters.JUnitReportReporter -->
<testsuite hostname="DESKTOP-5EVK54D" failures="0" tests="3" name="testclasses.SpiritsTest" time="8.850" errors="0" timestamp="2023-05-10T08:28:57 IST" skipped="0">
  <testcase classname="testclasses.SpiritsTest" name="selectProduct" time="1.160"/>
  <system-out/>
  <testcase classname="testclasses.SpiritsTest" name="sortByHighPrice" time="4.334"/>
  <system-out/>
  <testcase classname="testclasses.SpiritsTest" name="sortByAlphabet" time="3.356"/>
  <system-out/>
</testsuite> <!-- testclasses.SpiritsTest -->
